1730602524.118804 client started (20167): version 3.5a, socket /private/tmp/tmux-501/default, protocol 8
1730602524.118879 on Darwin 23.5.0 Darwin Kernel Version 23.5.0: Wed May  1 20:09:52 PDT 2024; root:xnu-10063.121.3~5/RELEASE_X86_64
1730602524.118905 using libevent 2.1.12-stable select
1730602524.120976 using utf8proc 2.9.0
1730602524.121027 using ncurses 6.5 20240427
1730602524.121101 flags are 0x10010000
1730602524.121133 socket is /private/tmp/tmux-501/default
1730602524.121165 trying connect
1730602524.121280 add peer 0x7f9ccf031000: 7 (0x0)
1730602524.123702 sending message 111 to peer 0x7f9ccf031000 (8 bytes)
1730602524.123732 sending message 111 to peer 0x7f9ccf031000 (8 bytes)
1730602524.123747 sending message 101 to peer 0x7f9ccf031000 (14 bytes)
1730602524.123760 sending message 109 to peer 0x7f9ccf031000 (4 bytes)
1730602524.123773 sending message 102 to peer 0x7f9ccf031000 (13 bytes)
1730602524.123786 sending message 108 to peer 0x7f9ccf031000 (77 bytes)
1730602524.123798 sending message 112 to peer 0x7f9ccf031000 (70 bytes)
1730602524.123810 sending message 112 to peer 0x7f9ccf031000 (5 bytes)
1730602524.123822 sending message 112 to peer 0x7f9ccf031000 (5 bytes)
1730602524.123834 sending message 112 to peer 0x7f9ccf031000 (6 bytes)
1730602524.123846 sending message 112 to peer 0x7f9ccf031000 (6 bytes)
1730602524.123858 sending message 112 to peer 0x7f9ccf031000 (11 bytes)
1730602524.123871 sending message 112 to peer 0x7f9ccf031000 (10 bytes)
1730602524.123883 sending message 112 to peer 0x7f9ccf031000 (13 bytes)
1730602524.123895 sending message 112 to peer 0x7f9ccf031000 (13 bytes)
1730602524.123907 sending message 112 to peer 0x7f9ccf031000 (18 bytes)
1730602524.123919 sending message 112 to peer 0x7f9ccf031000 (11 bytes)
1730602524.123931 sending message 112 to peer 0x7f9ccf031000 (10 bytes)
1730602524.123943 sending message 112 to peer 0x7f9ccf031000 (15 bytes)
1730602524.123955 sending message 112 to peer 0x7f9ccf031000 (21 bytes)
1730602524.123967 sending message 112 to peer 0x7f9ccf031000 (13 bytes)
1730602524.123984 sending message 112 to peer 0x7f9ccf031000 (7 bytes)
1730602524.123998 sending message 112 to peer 0x7f9ccf031000 (13 bytes)
1730602524.124011 sending message 112 to peer 0x7f9ccf031000 (7 bytes)
1730602524.124023 sending message 112 to peer 0x7f9ccf031000 (13 bytes)
1730602524.124035 sending message 112 to peer 0x7f9ccf031000 (9 bytes)
1730602524.124049 sending message 112 to peer 0x7f9ccf031000 (21 bytes)
1730602524.124062 sending message 112 to peer 0x7f9ccf031000 (13 bytes)
1730602524.124075 sending message 112 to peer 0x7f9ccf031000 (8 bytes)
1730602524.124087 sending message 112 to peer 0x7f9ccf031000 (12 bytes)
1730602524.124100 sending message 112 to peer 0x7f9ccf031000 (13 bytes)
1730602524.124112 sending message 112 to peer 0x7f9ccf031000 (9 bytes)
1730602524.124126 sending message 112 to peer 0x7f9ccf031000 (9 bytes)
1730602524.124138 sending message 112 to peer 0x7f9ccf031000 (12 bytes)
1730602524.124151 sending message 112 to peer 0x7f9ccf031000 (8 bytes)
1730602524.124163 sending message 112 to peer 0x7f9ccf031000 (7 bytes)
1730602524.124175 sending message 112 to peer 0x7f9ccf031000 (7 bytes)
1730602524.124186 sending message 112 to peer 0x7f9ccf031000 (9 bytes)
1730602524.124199 sending message 112 to peer 0x7f9ccf031000 (13 bytes)
1730602524.124212 sending message 112 to peer 0x7f9ccf031000 (6 bytes)
1730602524.124224 sending message 112 to peer 0x7f9ccf031000 (9 bytes)
1730602524.124238 sending message 112 to peer 0x7f9ccf031000 (13 bytes)
1730602524.124251 sending message 112 to peer 0x7f9ccf031000 (12 bytes)
1730602524.124264 sending message 112 to peer 0x7f9ccf031000 (8 bytes)
1730602524.124277 sending message 112 to peer 0x7f9ccf031000 (9 bytes)
1730602524.124289 sending message 112 to peer 0x7f9ccf031000 (10 bytes)
1730602524.124303 sending message 112 to peer 0x7f9ccf031000 (10 bytes)
1730602524.124315 sending message 112 to peer 0x7f9ccf031000 (10 bytes)
1730602524.124327 sending message 112 to peer 0x7f9ccf031000 (10 bytes)
1730602524.124339 sending message 112 to peer 0x7f9ccf031000 (11 bytes)
1730602524.124381 sending message 112 to peer 0x7f9ccf031000 (10 bytes)
1730602524.124392 sending message 112 to peer 0x7f9ccf031000 (8 bytes)
1730602524.124401 sending message 112 to peer 0x7f9ccf031000 (11 bytes)
1730602524.124410 sending message 112 to peer 0x7f9ccf031000 (11 bytes)
1730602524.124420 sending message 112 to peer 0x7f9ccf031000 (11 bytes)
1730602524.124429 sending message 112 to peer 0x7f9ccf031000 (8 bytes)
1730602524.124438 sending message 112 to peer 0x7f9ccf031000 (8 bytes)
1730602524.124447 sending message 112 to peer 0x7f9ccf031000 (8 bytes)
1730602524.124456 sending message 112 to peer 0x7f9ccf031000 (10 bytes)
1730602524.124466 sending message 112 to peer 0x7f9ccf031000 (10 bytes)
1730602524.124475 sending message 112 to peer 0x7f9ccf031000 (10 bytes)
1730602524.124484 sending message 112 to peer 0x7f9ccf031000 (10 bytes)
1730602524.124493 sending message 112 to peer 0x7f9ccf031000 (10 bytes)
1730602524.124502 sending message 112 to peer 0x7f9ccf031000 (11 bytes)
1730602524.124515 sending message 112 to peer 0x7f9ccf031000 (11 bytes)
1730602524.124525 sending message 112 to peer 0x7f9ccf031000 (10 bytes)
1730602524.124534 sending message 112 to peer 0x7f9ccf031000 (9 bytes)
1730602524.124543 sending message 112 to peer 0x7f9ccf031000 (9 bytes)
1730602524.124552 sending message 112 to peer 0x7f9ccf031000 (12 bytes)
1730602524.124561 sending message 112 to peer 0x7f9ccf031000 (9 bytes)
1730602524.124571 sending message 112 to peer 0x7f9ccf031000 (6 bytes)
1730602524.124580 sending message 112 to peer 0x7f9ccf031000 (8 bytes)
1730602524.124589 sending message 112 to peer 0x7f9ccf031000 (15 bytes)
1730602524.124598 sending message 112 to peer 0x7f9ccf031000 (13 bytes)
1730602524.124608 sending message 112 to peer 0x7f9ccf031000 (9 bytes)
1730602524.124617 sending message 112 to peer 0x7f9ccf031000 (70 bytes)
1730602524.124626 sending message 112 to peer 0x7f9ccf031000 (69 bytes)
1730602524.124635 sending message 112 to peer 0x7f9ccf031000 (10 bytes)
1730602524.124644 sending message 112 to peer 0x7f9ccf031000 (10 bytes)
1730602524.124653 sending message 112 to peer 0x7f9ccf031000 (8 bytes)
1730602524.124662 sending message 112 to peer 0x7f9ccf031000 (15 bytes)
1730602524.124672 sending message 112 to peer 0x7f9ccf031000 (13 bytes)
1730602524.124681 sending message 112 to peer 0x7f9ccf031000 (10 bytes)
1730602524.124690 sending message 112 to peer 0x7f9ccf031000 (10 bytes)
1730602524.124699 sending message 112 to peer 0x7f9ccf031000 (13 bytes)
1730602524.124708 sending message 112 to peer 0x7f9ccf031000 (9 bytes)
1730602524.124718 sending message 112 to peer 0x7f9ccf031000 (5 bytes)
1730602524.124727 sending message 112 to peer 0x7f9ccf031000 (5 bytes)
1730602524.124738 sending message 104 to peer 0x7f9ccf031000 (0 bytes)
1730602524.124749 sending message 110 to peer 0x7f9ccf031000 (0 bytes)
1730602524.124758 sending message 107 to peer 0x7f9ccf031000 (4 bytes)
1730602524.124767 sending message 105 to peer 0x7f9ccf031000 (15 bytes)
1730602524.124776 sending message 105 to peer 0x7f9ccf031000 (20 bytes)
1730602524.124786 sending message 105 to peer 0x7f9ccf031000 (22 bytes)
1730602524.124795 sending message 105 to peer 0x7f9ccf031000 (23 bytes)
1730602524.124804 sending message 105 to peer 0x7f9ccf031000 (35 bytes)
1730602524.124813 sending message 105 to peer 0x7f9ccf031000 (28 bytes)
1730602524.124822 sending message 105 to peer 0x7f9ccf031000 (30 bytes)
1730602524.124832 sending message 105 to peer 0x7f9ccf031000 (43 bytes)
1730602524.124841 sending message 105 to peer 0x7f9ccf031000 (14 bytes)
1730602524.124850 sending message 105 to peer 0x7f9ccf031000 (24 bytes)
1730602524.124859 sending message 105 to peer 0x7f9ccf031000 (22 bytes)
1730602524.124868 sending message 105 to peer 0x7f9ccf031000 (61 bytes)
1730602524.124878 sending message 105 to peer 0x7f9ccf031000 (17 bytes)
1730602524.124887 sending message 105 to peer 0x7f9ccf031000 (19 bytes)
1730602524.124896 sending message 105 to peer 0x7f9ccf031000 (26 bytes)
1730602524.124905 sending message 105 to peer 0x7f9ccf031000 (8 bytes)
1730602524.124929 sending message 105 to peer 0x7f9ccf031000 (20 bytes)
1730602524.124939 sending message 105 to peer 0x7f9ccf031000 (32 bytes)
1730602524.124948 sending message 105 to peer 0x7f9ccf031000 (96 bytes)
1730602524.124957 sending message 105 to peer 0x7f9ccf031000 (54 bytes)
1730602524.124967 sending message 105 to peer 0x7f9ccf031000 (34 bytes)
1730602524.124976 sending message 105 to peer 0x7f9ccf031000 (34 bytes)
1730602524.124985 sending message 105 to peer 0x7f9ccf031000 (59 bytes)
1730602524.124994 sending message 105 to peer 0x7f9ccf031000 (16 bytes)
1730602524.125003 sending message 105 to peer 0x7f9ccf031000 (32 bytes)
1730602524.125013 sending message 105 to peer 0x7f9ccf031000 (68 bytes)
1730602524.125022 sending message 105 to peer 0x7f9ccf031000 (84 bytes)
1730602524.125031 sending message 105 to peer 0x7f9ccf031000 (11 bytes)
1730602524.125040 sending message 105 to peer 0x7f9ccf031000 (1426 bytes)
1730602524.125050 sending message 105 to peer 0x7f9ccf031000 (81 bytes)
1730602524.125059 sending message 105 to peer 0x7f9ccf031000 (37 bytes)
1730602524.125069 sending message 105 to peer 0x7f9ccf031000 (16 bytes)
1730602524.125081 sending message 105 to peer 0x7f9ccf031000 (16 bytes)
1730602524.125090 sending message 105 to peer 0x7f9ccf031000 (24 bytes)
1730602524.125100 sending message 105 to peer 0x7f9ccf031000 (15 bytes)
1730602524.125109 sending message 105 to peer 0x7f9ccf031000 (8 bytes)
1730602524.125118 sending message 105 to peer 0x7f9ccf031000 (66 bytes)
1730602524.125127 sending message 105 to peer 0x7f9ccf031000 (19 bytes)
1730602524.125137 sending message 105 to peer 0x7f9ccf031000 (86 bytes)
1730602524.125147 sending message 105 to peer 0x7f9ccf031000 (42 bytes)
1730602524.125157 sending message 105 to peer 0x7f9ccf031000 (18 bytes)
1730602524.125166 sending message 105 to peer 0x7f9ccf031000 (26 bytes)
1730602524.125176 sending message 105 to peer 0x7f9ccf031000 (60 bytes)
1730602524.125185 sending message 105 to peer 0x7f9ccf031000 (57 bytes)
1730602524.125194 sending message 105 to peer 0x7f9ccf031000 (43 bytes)
1730602524.125204 sending message 105 to peer 0x7f9ccf031000 (13 bytes)
1730602524.125213 sending message 105 to peer 0x7f9ccf031000 (17 bytes)
1730602524.125222 sending message 105 to peer 0x7f9ccf031000 (25 bytes)
1730602524.125231 sending message 105 to peer 0x7f9ccf031000 (38 bytes)
1730602524.125240 sending message 105 to peer 0x7f9ccf031000 (14 bytes)
1730602524.125249 sending message 105 to peer 0x7f9ccf031000 (19 bytes)
1730602524.125259 sending message 105 to peer 0x7f9ccf031000 (34 bytes)
1730602524.125268 sending message 105 to peer 0x7f9ccf031000 (11 bytes)
1730602524.125277 sending message 105 to peer 0x7f9ccf031000 (7 bytes)
1730602524.125286 sending message 105 to peer 0x7f9ccf031000 (43 bytes)
1730602524.125295 sending message 105 to peer 0x7f9ccf031000 (39 bytes)
1730602524.125304 sending message 105 to peer 0x7f9ccf031000 (29 bytes)
1730602524.125314 sending message 105 to peer 0x7f9ccf031000 (20 bytes)
1730602524.125326 sending message 105 to peer 0x7f9ccf031000 (14 bytes)
1730602524.125336 sending message 105 to peer 0x7f9ccf031000 (41 bytes)
1730602524.125346 sending message 105 to peer 0x7f9ccf031000 (15 bytes)
1730602524.125355 sending message 105 to peer 0x7f9ccf031000 (27 bytes)
1730602524.125365 sending message 105 to peer 0x7f9ccf031000 (18 bytes)
1730602524.125375 sending message 105 to peer 0x7f9ccf031000 (10 bytes)
1730602524.125384 sending message 105 to peer 0x7f9ccf031000 (14 bytes)
1730602524.125393 sending message 105 to peer 0x7f9ccf031000 (18 bytes)
1730602524.125402 sending message 105 to peer 0x7f9ccf031000 (20 bytes)
1730602524.125411 sending message 105 to peer 0x7f9ccf031000 (33 bytes)
1730602524.125420 sending message 105 to peer 0x7f9ccf031000 (30 bytes)
1730602524.125430 sending message 105 to peer 0x7f9ccf031000 (23 bytes)
1730602524.125439 sending message 105 to peer 0x7f9ccf031000 (11 bytes)
1730602524.125448 sending message 105 to peer 0x7f9ccf031000 (16 bytes)
1730602524.125457 sending message 105 to peer 0x7f9ccf031000 (15 bytes)
1730602524.125477 sending message 105 to peer 0x7f9ccf031000 (15 bytes)
1730602524.125487 sending message 105 to peer 0x7f9ccf031000 (15 bytes)
1730602524.125496 sending message 105 to peer 0x7f9ccf031000 (23 bytes)
1730602524.125507 sending message 105 to peer 0x7f9ccf031000 (15 bytes)
1730602524.125518 sending message 105 to peer 0x7f9ccf031000 (17 bytes)
1730602524.125527 sending message 105 to peer 0x7f9ccf031000 (9 bytes)
1730602524.125536 sending message 105 to peer 0x7f9ccf031000 (17 bytes)
1730602524.125546 sending message 105 to peer 0x7f9ccf031000 (14 bytes)
1730602524.125555 sending message 105 to peer 0x7f9ccf031000 (29 bytes)
1730602524.125564 sending message 105 to peer 0x7f9ccf031000 (35 bytes)
1730602524.125573 sending message 105 to peer 0x7f9ccf031000 (59 bytes)
1730602524.125582 sending message 105 to peer 0x7f9ccf031000 (22 bytes)
1730602524.125592 sending message 106 to peer 0x7f9ccf031000 (0 bytes)
1730602524.125663 sending message 200 to peer 0x7f9ccf031000 (4 bytes)
1730602524.125675 client loop enter
1730602524.126011 peer 0x7f9ccf031000 message 303
1730602524.126039 open write file 2 -
1730602524.126074 sending message 305 to peer 0x7f9ccf031000 (8 bytes)
1730602524.126104 write check file 2
1730602524.126163 peer 0x7f9ccf031000 message 304
1730602524.126177 write 58 to file 2
1730602524.126195 peer 0x7f9ccf031000 message 203
1730602524.126206 file 2 58 bytes left
1730602524.126226 write check file 2
1730602524.126238 client loop exit
